<?xml version="1.0" encoding="UTF-8" ?>
<testsuite tests="7" failures="0" name="testdemo.TestFiestDemo" time="0.004" errors="0" skipped="0">
  <properties>
[...]
</properties>
  <testcase classname="testdemo.TestFiestDemo" name="test001" time="0.004"/>
  <testcase classname="testdemo.TestFiestDemo" name="test002" time="0"/>
  <testcase classname="testdemo.TestFiestDemo" name="test003" time="0"/>
  <testcase classname="testdemo.TestFiestDemo" name="test004" time="0"/>
  <testcase classname="testdemo.TestFiestDemo" name="test005" time="0"/>
  <testcase classname="testdemo.TestFiestDemo" name="test006" time="0"/>
  <testcase classname="testdemo.TestFiestDemo" name="test007" time="0"/>
</testsuite>